
> dachuang-frontend@1.0.0 type-check
> vue-tsc --noEmit

src/composables/useDictionary.ts(1,15): error TS6133: 'computed' is declared but its value is never read.
src/layouts/AppLayout.vue(171,3): error TS6133: 'School' is declared but its value is never read.
src/layouts/AppLayout.vue(173,17): error TS6133: 'Management' is declared but its value is never read.
src/layouts/AppLayout.vue(175,3): error TS6133: 'DataAnalysis' is declared but its value is never read.
src/layouts/AppLayout.vue(176,3): error TS6133: 'DataLine' is declared but its value is never read.
src/layouts/AppLayout.vue(345,25): error TS6133: 'rule' is declared but its value is never read.
src/views/level1_admin/settings/SystemDictionaries.vue(141,40): error TS6133: 'Upload' is declared but its value is never read.
src/views/level1_admin/settings/SystemDictionaries.vue(141,48): error TS6133: 'Document' is declared but its value is never read.
src/views/level1_admin/settings/SystemDictionaries.vue(179,7): error TS6133: 'uploadRef' is declared but its value is never read.
src/views/level1_admin/settings/SystemDictionaries.vue(346,15): error TS6133: 'isFormData' is declared but its value is never read.
src/views/level1_admin/users/Admins.vue(264,32): error TS2790: The operand of a 'delete' operator must be optional.
src/views/level1_admin/users/Admins.vue(265,33): error TS2790: The operand of a 'delete' operator must be optional.
src/views/level1_admin/users/Admins.vue(268,13): error TS2339: Property 'code' does not exist on type 'AxiosResponse<any, any, {}>'.
src/views/level1_admin/users/Admins.vue(272,20): error TS2339: Property 'results' does not exist on type 'AxiosResponse<any, any, {}>'.
src/views/level1_admin/users/Admins.vue(273,29): error TS2339: Property 'results' does not exist on type 'AxiosResponse<any, any, {}>'.
src/views/level1_admin/users/Admins.vue(274,25): error TS2339: Property 'count' does not exist on type 'AxiosResponse<any, any, {}>'.
src/views/level1_admin/users/Admins.vue(274,38): error TS2339: Property 'results' does not exist on type 'AxiosResponse<any, any, {}>'.
src/views/level1_admin/users/Admins.vue(276,7): error TS2322: Type 'never[] | (AxiosResponse<any, any, {}> & any[])' is not assignable to type 'never[]'.
  Type 'AxiosResponse<any, any, {}> & any[]' is not assignable to type 'never[]'.
    The types returned by 'concat(...)' are incompatible between these types.
      Type 'any[]' is not assignable to type 'never[]'.
        Type 'any' is not assignable to type 'never'.
src/views/level1_admin/users/Admins.vue(319,14): error TS2339: Property 'code' does not exist on type 'AxiosResponse<any, any, {}>'.
src/views/level1_admin/users/Admins.vue(355,13): error TS2339: Property 'code' does not exist on type 'AxiosResponse<any, any, {}>'.
src/views/level1_admin/users/Students.vue(291,13): error TS2339: Property 'code' does not exist on type 'AxiosResponse<any, any, {}>'.
src/views/level1_admin/users/Students.vue(295,20): error TS2339: Property 'results' does not exist on type 'AxiosResponse<any, any, {}>'.
src/views/level1_admin/users/Students.vue(296,29): error TS2339: Property 'results' does not exist on type 'AxiosResponse<any, any, {}>'.
src/views/level1_admin/users/Students.vue(297,25): error TS2339: Property 'count' does not exist on type 'AxiosResponse<any, any, {}>'.
src/views/level1_admin/users/Students.vue(297,38): error TS2339: Property 'results' does not exist on type 'AxiosResponse<any, any, {}>'.
src/views/level1_admin/users/Students.vue(299,7): error TS2322: Type 'never[] | (AxiosResponse<any, any, {}> & any[])' is not assignable to type 'never[]'.
  Type 'AxiosResponse<any, any, {}> & any[]' is not assignable to type 'never[]'.
    The types returned by 'concat(...)' are incompatible between these types.
      Type 'any[]' is not assignable to type 'never[]'.
        Type 'any' is not assignable to type 'never'.
src/views/level1_admin/users/Students.vue(347,14): error TS2339: Property 'code' does not exist on type 'AxiosResponse<any, any, {}>'.
src/views/level1_admin/users/Students.vue(386,13): error TS2339: Property 'code' does not exist on type 'AxiosResponse<any, any, {}>'.
src/views/level1_admin/users/TeacherManagement.vue(283,32): error TS2790: The operand of a 'delete' operator must be optional.
src/views/level1_admin/users/TeacherManagement.vue(284,33): error TS2790: The operand of a 'delete' operator must be optional.
src/views/level1_admin/users/TeacherManagement.vue(287,13): error TS2339: Property 'code' does not exist on type 'AxiosResponse<any, any, {}>'.
src/views/level1_admin/users/TeacherManagement.vue(346,14): error TS2339: Property 'code' does not exist on type 'AxiosResponse<any, any, {}>'.
src/views/level1_admin/users/TeacherManagement.vue(391,13): error TS2339: Property 'code' does not exist on type 'AxiosResponse<any, any, {}>'.
